<?xml version="1.0" encoding="UTF-8"?>
<testng-results ignored="0" total="3" passed="3" failed="0" skipped="0">
  <reporter-output>
  </reporter-output>
  <suite started-at="2023-03-10T07:29:23 GMT-08:00" name="Suite" finished-at="2023-03-10T07:31:59 GMT-08:00" duration-ms="156785">
    <groups>
    </groups>
    <test started-at="2023-03-10T07:29:23 GMT-08:00" name="Test" finished-at="2023-03-10T07:31:59 GMT-08:00" duration-ms="156785">
      <class name="com.SauceDemo_TestClassPackage.TC1VerifyLoginFunctionality">
        <test-method is-config="true" signature="SetUp()[pri:0, instance:com.SauceDemo_TestClassPackage.TC1VerifyLoginFunctionality@3c7f66c4]" started-at="2023-03-10T07:29:23 GMT-08:00" name="SetUp" finished-at="2023-03-10T07:30:13 GMT-08:00" duration-ms="50100" status="PASS">
          <reporter-output>
          </reporter-output>
        </test-method> <!-- SetUp -->
        <test-method signature="TC1LoginFunctionality()[pri:0, instance:com.SauceDemo_TestClassPackage.TC1VerifyLoginFunctionality@3c7f66c4]" started-at="2023-03-10T07:30:13 GMT-08:00" name="TC1LoginFunctionality" finished-at="2023-03-10T07:30:13 GMT-08:00" duration-ms="250" status="PASS">
          <reporter-output>
          </reporter-output>
        </test-method> <!-- TC1LoginFunctionality -->
        <test-method is-config="true" signature="logoutActivity()[pri:0, instance:com.SauceDemo_TestClassPackage.TC1VerifyLoginFunctionality@3c7f66c4]" started-at="2023-03-10T07:30:13 GMT-08:00" name="logoutActivity" finished-at="2023-03-10T07:30:15 GMT-08:00" duration-ms="1536" status="PASS">
          <reporter-output>
          </reporter-output>
        </test-method> <!-- logoutActivity -->
      </class> <!-- com.SauceDemo_TestClassPackage.TC1VerifyLoginFunctionality -->
      <class name="com.SauceDemo_TestClassPackage.TC2VerifyLogoutFunctionality">
        <test-method is-config="true" signature="SetUp()[pri:0, instance:com.SauceDemo_TestClassPackage.TC2VerifyLogoutFunctionality@5a45133e]" started-at="2023-03-10T07:30:49 GMT-08:00" name="SetUp" finished-at="2023-03-10T07:31:25 GMT-08:00" duration-ms="36174" status="PASS">
          <reporter-output>
          </reporter-output>
        </test-method> <!-- SetUp -->
        <test-method signature="TC2LogoutFunctionality()[pri:0, instance:com.SauceDemo_TestClassPackage.TC2VerifyLogoutFunctionality@5a45133e]" started-at="2023-03-10T07:31:25 GMT-08:00" name="TC2LogoutFunctionality" finished-at="2023-03-10T07:31:26 GMT-08:00" duration-ms="1363" status="PASS">
          <reporter-output>
          </reporter-output>
        </test-method> <!-- TC2LogoutFunctionality -->
        <test-method is-config="true" signature="logoutActivity()[pri:0, instance:com.SauceDemo_TestClassPackage.TC2VerifyLogoutFunctionality@5a45133e]" started-at="2023-03-10T07:31:26 GMT-08:00" name="logoutActivity" finished-at="2023-03-10T07:31:57 GMT-08:00" duration-ms="30951" status="FAIL">
          <exception class="org.openqa.selenium.NoSuchElementException">
            <message>
              <![CDATA[no such element: Unable to locate element: {"method":"xpath","selector":"//select[@class='product_sort_container']"}
  (Session info: chrome=110.0.5481.178)
For documentation on this error, please visit: https://selenium.dev/exceptions/#no_such_element
Build info: version: '4.0.0', revision: '3a21814679'
System info: host: 'DESKTOP-C5VSCLA', ip: '192.168.43.98', os.name: 'Windows 10', os.arch: 'amd64', os.version: '10.0', java.version: '16.0.2'
Driver info: org.openqa.selenium.chrome.ChromeDriver
Command: [b4f0215d80993910bc3ba7743cbe3c0f, findElement {using=xpath, value=//select[@class='product_sort_container']}]
Capabilities {acceptInsecureCerts: false, browserName: chrome, browserVersion: 110.0.5481.178, chrome: {chromedriverVersion: 110.0.5481.77 (65ed616c6e8e..., userDataDir: C:\Users\lenovo\AppData\Loc...}, goog:chromeOptions: {debuggerAddress: localhost:50095}, javascriptEnabled: true, networkConnectionEnabled: false, pageLoadStrategy: normal, platform: WINDOWS, platformName: WINDOWS, proxy: Proxy(), se:cdp: ws://localhost:50095/devtoo..., se:cdpVersion: 110.0.5481.178, setWindowRect: true, strictFileInteractability: false, timeouts: {implicit: 0, pageLoad: 300000, script: 30000}, unhandledPromptBehavior: dismiss and notify, webauthn:extension:credBlob: true, webauthn:extension:largeBlob: true, webauthn:virtualAuthenticators: true}
Session ID: b4f0215d80993910bc3ba7743cbe3c0f]]>
            </message>
            <full-stacktrace>
              <![CDATA[org.openqa.selenium.NoSuchElementException: no such element: Unable to locate element: {"method":"xpath","selector":"//select[@class='product_sort_container']"}
  (Session info: chrome=110.0.5481.178)
For documentation on this error, please visit: https://selenium.dev/exceptions/#no_such_element
Build info: version: '4.0.0', revision: '3a21814679'
System info: host: 'DESKTOP-C5VSCLA', ip: '192.168.43.98', os.name: 'Windows 10', os.arch: 'amd64', os.version: '10.0', java.version: '16.0.2'
Driver info: org.openqa.selenium.chrome.ChromeDriver
Command: [b4f0215d80993910bc3ba7743cbe3c0f, findElement {using=xpath, value=//select[@class='product_sort_container']}]
Capabilities {acceptInsecureCerts: false, browserName: chrome, browserVersion: 110.0.5481.178, chrome: {chromedriverVersion: 110.0.5481.77 (65ed616c6e8e..., userDataDir: C:\Users\lenovo\AppData\Loc...}, goog:chromeOptions: {debuggerAddress: localhost:50095}, javascriptEnabled: true, networkConnectionEnabled: false, pageLoadStrategy: normal, platform: WINDOWS, platformName: WINDOWS, proxy: Proxy(), se:cdp: ws://localhost:50095/devtoo..., se:cdpVersion: 110.0.5481.178, setWindowRect: true, strictFileInteractability: false, timeouts: {implicit: 0, pageLoad: 300000, script: 30000}, unhandledPromptBehavior: dismiss and notify, webauthn:extension:credBlob: true, webauthn:extension:largeBlob: true, webauthn:virtualAuthenticators: true}
Session ID: b4f0215d80993910bc3ba7743cbe3c0f
at java.base/jdk.internal.reflect.NativeConstructorAccessorImpl.newInstance0(Native Method)
at java.base/jdk.internal.reflect.NativeConstructorAccessorImpl.newInstance(NativeConstructorAccessorImpl.java:78)
at java.base/jdk.internal.reflect.DelegatingConstructorAccessorImpl.newInstance(DelegatingConstructorAccessorImpl.java:45)
at java.base/java.lang.reflect.Constructor.newInstanceWithCaller(Constructor.java:499)
at java.base/java.lang.reflect.Constructor.newInstance(Constructor.java:480)
at org.openqa.selenium.remote.codec.w3c.W3CHttpResponseCodec.createException(W3CHttpResponseCodec.java:200)
at org.openqa.selenium.remote.codec.w3c.W3CHttpResponseCodec.decode(W3CHttpResponseCodec.java:133)
at org.openqa.selenium.remote.codec.w3c.W3CHttpResponseCodec.decode(W3CHttpResponseCodec.java:53)
at org.openqa.selenium.remote.HttpCommandExecutor.execute(HttpCommandExecutor.java:184)
at org.openqa.selenium.remote.service.DriverCommandExecutor.invokeExecute(DriverCommandExecutor.java:164)
at org.openqa.selenium.remote.service.DriverCommandExecutor.execute(DriverCommandExecutor.java:139)
at org.openqa.selenium.remote.RemoteWebDriver.execute(RemoteWebDriver.java:559)
at org.openqa.selenium.remote.ElementLocation$ElementFinder$2.findElement(ElementLocation.java:162)
at org.openqa.selenium.remote.ElementLocation.findElement(ElementLocation.java:60)
at org.openqa.selenium.remote.RemoteWebDriver.findElement(RemoteWebDriver.java:383)
at org.openqa.selenium.remote.RemoteWebDriver.findElement(RemoteWebDriver.java:375)
at org.openqa.selenium.support.pagefactory.DefaultElementLocator.findElement(DefaultElementLocator.java:70)
at org.openqa.selenium.support.pagefactory.internal.LocatingElementHandler.invoke(LocatingElementHandler.java:39)
at jdk.proxy2/jdk.proxy2.$Proxy17.getTagName(Unknown Source)
at org.openqa.selenium.support.ui.Select.<init>(Select.java:46)
at com.SauceDemo_POMClassPackage.HomePagePOM.<init>(HomePagePOM.java:103)
at com.SauceDemo_TestClassPackage.TestBaseClass.logoutActivity(TestBaseClass.java:63)
at java.base/jdk.internal.reflect.NativeMethodAccessorImpl.invoke0(Native Method)
at java.base/jdk.internal.reflect.NativeMethodAccessorImpl.invoke(NativeMethodAccessorImpl.java:78)
at java.base/jdk.internal.reflect.DelegatingMethodAccessorImpl.invoke(DelegatingMethodAccessorImpl.java:43)
at java.base/java.lang.reflect.Method.invoke(Method.java:567)
at org.testng.internal.MethodInvocationHelper.invokeMethod(MethodInvocationHelper.java:133)
at org.testng.internal.MethodInvocationHelper.invokeMethodConsideringTimeout(MethodInvocationHelper.java:62)
at org.testng.internal.ConfigInvoker.invokeConfigurationMethod(ConfigInvoker.java:385)
at org.testng.internal.ConfigInvoker.invokeConfigurations(ConfigInvoker.java:321)
at org.testng.internal.TestInvoker.runConfigMethods(TestInvoker.java:700)
at org.testng.internal.TestInvoker.runAfterGroupsConfigurations(TestInvoker.java:676)
at org.testng.internal.TestInvoker.invokeMethod(TestInvoker.java:660)
at org.testng.internal.TestInvoker.invokeTestMethod(TestInvoker.java:173)
at org.testng.internal.MethodRunner.runInSequence(MethodRunner.java:46)
at org.testng.internal.TestInvoker$MethodInvocationAgent.invoke(TestInvoker.java:824)
at org.testng.internal.TestInvoker.invokeTestMethods(TestInvoker.java:146)
at org.testng.internal.TestMethodWorker.invokeTestMethods(TestMethodWorker.java:146)
at org.testng.internal.TestMethodWorker.run(TestMethodWorker.java:128)
at java.base/java.util.ArrayList.forEach(ArrayList.java:1511)
at org.testng.TestRunner.privateRun(TestRunner.java:794)
at org.testng.TestRunner.run(TestRunner.java:596)
at org.testng.SuiteRunner.runTest(SuiteRunner.java:377)
at org.testng.SuiteRunner.runSequentially(SuiteRunner.java:371)
at org.testng.SuiteRunner.privateRun(SuiteRunner.java:332)
at org.testng.SuiteRunner.run(SuiteRunner.java:276)
at org.testng.SuiteRunnerWorker.runSuite(SuiteRunnerWorker.java:53)
at org.testng.SuiteRunnerWorker.run(SuiteRunnerWorker.java:96)
at org.testng.TestNG.runSuitesSequentially(TestNG.java:1212)
at org.testng.TestNG.runSuitesLocally(TestNG.java:1134)
at org.testng.TestNG.runSuites(TestNG.java:1063)
at org.testng.TestNG.run(TestNG.java:1031)
at org.testng.remote.AbstractRemoteTestNG.run(AbstractRemoteTestNG.java:115)
at org.testng.remote.RemoteTestNG.initAndRun(RemoteTestNG.java:251)
at org.testng.remote.RemoteTestNG.main(RemoteTestNG.java:77)
]]>
            </full-stacktrace>
          </exception> <!-- org.openqa.selenium.NoSuchElementException -->
          <reporter-output>
          </reporter-output>
        </test-method> <!-- logoutActivity -->
      </class> <!-- com.SauceDemo_TestClassPackage.TC2VerifyLogoutFunctionality -->
      <class name="com.SauceDemo_TestClassPackage.TC03VerifyBagProductAddTocart">
        <test-method is-config="true" signature="SetUp()[pri:0, instance:com.SauceDemo_TestClassPackage.TC03VerifyBagProductAddTocart@1ed6388a]" started-at="2023-03-10T07:30:15 GMT-08:00" name="SetUp" finished-at="2023-03-10T07:30:45 GMT-08:00" duration-ms="30475" status="PASS">
          <reporter-output>
          </reporter-output>
        </test-method> <!-- SetUp -->
        <test-method signature="TC3BagProductAddTocart()[pri:0, instance:com.SauceDemo_TestClassPackage.TC03VerifyBagProductAddTocart@1ed6388a]" started-at="2023-03-10T07:30:45 GMT-08:00" name="TC3BagProductAddTocart" finished-at="2023-03-10T07:30:48 GMT-08:00" duration-ms="2448" status="PASS">
          <reporter-output>
          </reporter-output>
        </test-method> <!-- TC3BagProductAddTocart -->
        <test-method is-config="true" signature="logoutActivity()[pri:0, instance:com.SauceDemo_TestClassPackage.TC03VerifyBagProductAddTocart@1ed6388a]" started-at="2023-03-10T07:30:48 GMT-08:00" name="logoutActivity" finished-at="2023-03-10T07:30:49 GMT-08:00" duration-ms="972" status="PASS">
          <reporter-output>
          </reporter-output>
        </test-method> <!-- logoutActivity -->
      </class> <!-- com.SauceDemo_TestClassPackage.TC03VerifyBagProductAddTocart -->
    </test> <!-- Test -->
  </suite> <!-- Suite -->
</testng-results>
